<?xml version="1.0" encoding="UTF-8"?>
<!-- Generated by org.testng.reporters.JUnitReportReporter -->
<testsuite hostname="ANEETA" failures="0" tests="1" name="test.Saucetest$saucetest" time="3.704" errors="0" timestamp="2023-10-26T12:43:35 IST" skipped="0">
  <testcase classname="test.Saucetest$saucetest" name="tests" time="3.704"/>
</testsuite> <!-- test.Saucetest$saucetest -->
